<?xml version="1.0" encoding="UTF-8"?>
<!-- Generated by org.testng.reporters.JUnitReportReporter -->
<testsuite hostname="MSI" name="cl.sermaluc.factory.poc.AppTest" tests="2" failures="0" timestamp="11 Apr 2023 02:40:56 GMT" time="19.345" errors="0">
  <testcase name="enterData" time="7.299" classname="cl.sermaluc.factory.poc.AppTest"/>
  <testcase name="checkShoppingCart" time="12.046" classname="cl.sermaluc.factory.poc.AppTest"/>
</testsuite> <!-- cl.sermaluc.factory.poc.AppTest -->
