<?xml version="1.0" encoding="UTF-8"?>
<!-- Generated by org.testng.reporters.JUnitReportReporter -->
<testsuite hostname="MSI" name="tests.AppTest2" tests="3" failures="0" timestamp="15 Apr 2023 16:57:25 GMT" time="21.650" errors="0">
  <testcase name="login" time="6.848" classname="tests.AppTest2"/>
  <testcase name="products" time="6.959" classname="tests.AppTest2"/>
  <testcase name="incorrectLogin" time="7.843" classname="tests.AppTest2"/>
</testsuite> <!-- tests.AppTest2 -->
