<?xml version="1.0" encoding="UTF-8"?>
<!-- Generated by org.testng.reporters.JUnitReportReporter -->
<testsuite hostname="MSI" name="tests.AppTest" tests="2" failures="0" timestamp="11 Apr 2023 03:13:54 GMT" time="20.224" errors="0">
  <testcase name="enterData" time="8.186" classname="tests.AppTest"/>
  <testcase name="checkShoppingCart" time="12.038" classname="tests.AppTest"/>
</testsuite> <!-- tests.AppTest -->
