<?xml version="1.0" encoding="UTF-8"?>
<!-- Generated by org.testng.reporters.JUnitReportReporter -->
<testsuite hostname="MSI" name="tests.AppTest" tests="2" failures="0" timestamp="15 Apr 2023 16:35:17 GMT" time="20.442" errors="0">
  <testcase name="enterData" time="8.393" classname="tests.AppTest"/>
  <testcase name="checkShoppingCart" time="12.049" classname="tests.AppTest"/>
</testsuite> <!-- tests.AppTest -->
