<?xml version="1.0" encoding="UTF-8"?>
<!-- Generated by org.testng.reporters.JUnitReportReporter -->
<testsuite hostname="MSI" name="tests.AppTest2" tests="2" failures="0" timestamp="15 Apr 2023 17:32:52 GMT" time="14.045" errors="0">
  <testcase name="login" time="9.677" classname="tests.AppTest2"/>
  <testcase name="products" time="4.368" classname="tests.AppTest2"/>
</testsuite> <!-- tests.AppTest2 -->
