<?xml version="1.0" encoding="UTF-8"?>
<!-- Generated by org.testng.reporters.JUnitReportReporter -->
<testsuite hostname="MSI" name="tests.AppTest2" tests="4" failures="0" timestamp="15 Apr 2023 19:46:55 GMT" time="48.622" errors="0">
  <testcase name="addProductOne" time="11.030" classname="tests.AppTest2"/>
  <testcase name="login" time="7.957" classname="tests.AppTest2"/>
  <testcase name="checkout" time="16.042" classname="tests.AppTest2"/>
  <testcase name="testSwipe" time="13.593" classname="tests.AppTest2"/>
</testsuite> <!-- tests.AppTest2 -->
