<?xml version="1.0" encoding="UTF-8"?>
<!-- Generated by org.testng.reporters.JUnitReportReporter -->
<testsuite hostname="MSI" name="tests.AppTest" tests="3" failures="0" timestamp="11 Apr 2023 01:50:28 GMT" time="5.438" errors="0">
  <testcase name="enterData" time="1.607" classname="tests.AppTest"/>
  <testcase name="enterData" time="1.553" classname="tests.AppTest"/>
  <testcase name="enterData" time="2.278" classname="tests.AppTest"/>
</testsuite> <!-- tests.AppTest -->
