<?xml version="1.0" encoding="UTF-8"?>
<!-- Generated by org.testng.reporters.JUnitReportReporter -->
<testsuite hostname="MSI" name="tests.AppTest2" tests="6" failures="0" timestamp="16 Apr 2023 00:10:27 GMT" time="141.273" errors="0">
  <testcase name="login" time="7.422" classname="tests.AppTest2"/>
  <testcase name="checkProductDetails" time="9.565" classname="tests.AppTest2"/>
  <testcase name="checkout" time="37.794" classname="tests.AppTest2"/>
  <testcase name="incorrectLogin" time="8.839" classname="tests.AppTest2"/>
  <testcase name="addProducts" time="71.608" classname="tests.AppTest2"/>
  <testcase name="removeProduct" time="6.045" classname="tests.AppTest2"/>
</testsuite> <!-- tests.AppTest2 -->
