<?xml version="1.0" encoding="UTF-8"?>
<!-- Generated by org.testng.reporters.JUnitReportReporter -->
<testsuite hostname="MSI" name="tests.AppTest2" tests="3" failures="0" timestamp="15 Apr 2023 20:37:52 GMT" time="70.572" errors="0">
  <testcase name="login" time="8.667" classname="tests.AppTest2"/>
  <testcase name="checkout" time="37.093" classname="tests.AppTest2"/>
  <testcase name="addProducts" time="24.812" classname="tests.AppTest2"/>
</testsuite> <!-- tests.AppTest2 -->
