<?xml version="1.0" encoding="UTF-8"?>
<!-- Generated by org.testng.reporters.JUnitReportReporter -->
<testsuite hostname="MSI" name="tests.AppTest2" tests="2" failures="0" timestamp="11 Apr 2023 03:57:40 GMT" time="16.303" errors="0">
  <testcase name="login" time="9.222" classname="tests.AppTest2"/>
  <testcase name="products" time="7.081" classname="tests.AppTest2"/>
</testsuite> <!-- tests.AppTest2 -->
