<?xml version="1.0" encoding="UTF-8"?>
<!-- Generated by org.testng.reporters.JUnitReportReporter -->
<testsuite hostname="MSI" name="tests.AppTest2" tests="4" failures="0" timestamp="15 Apr 2023 20:50:45 GMT" time="121.357" errors="0">
  <testcase name="removeProduct" time="2.400" classname="tests.AppTest2"/>
  <testcase name="login" time="8.675" classname="tests.AppTest2"/>
  <testcase name="checkout" time="37.282" classname="tests.AppTest2"/>
  <testcase name="addProducts" time="73.000" classname="tests.AppTest2"/>
</testsuite> <!-- tests.AppTest2 -->
