<?xml version="1.0" encoding="UTF-8"?>
<!-- Generated by org.testng.reporters.JUnitReportReporter -->
<testsuite hostname="MSI" name="cl.sermaluc.factory.poc.AppTest" tests="1" failures="0" timestamp="11 Apr 2023 02:12:09 GMT" time="8.222" errors="0">
  <testcase name="enterData" time="8.222" classname="cl.sermaluc.factory.poc.AppTest"/>
</testsuite> <!-- cl.sermaluc.factory.poc.AppTest -->
