<?xml version="1.0" encoding="UTF-8"?>
<!-- Generated by org.testng.reporters.JUnitReportReporter -->
<testsuite hostname="MSI" name="tests.AppTest" tests="2" failures="0" timestamp="11 Apr 2023 02:53:21 GMT" time="20.176" errors="0">
  <testcase name="checkShoppingCart" time="12.043" classname="tests.AppTest"/>
  <testcase name="enterData" time="8.133" classname="tests.AppTest"/>
</testsuite> <!-- tests.AppTest -->
